{
  "nbformat": 4,
  "nbformat_minor": 0,
  "metadata": {
    "colab": {
      "name": "Untitled0.ipynb",
      "provenance": [],
      "authorship_tag": "ABX9TyMlcqG/0X4XogHzklbU53hs",
      "include_colab_link": true
    },
    "kernelspec": {
      "name": "python3",
      "display_name": "Python 3"
    },
    "language_info": {
      "name": "python"
    }
  },
  "cells": [
    {
      "cell_type": "markdown",
      "metadata": {
        "id": "view-in-github",
        "colab_type": "text"
      },
      "source": [
        "<a href=\"https://colab.research.google.com/github/Manishanayak1997/cms/blob/main/manisha\" target=\"_parent\"><img src=\"https://colab.research.google.com/assets/colab-badge.svg\" alt=\"Open In Colab\"/></a>"
      ]
    },
    {
      "cell_type": "code",
      "metadata": {
        "colab": {
          "base_uri": "https://localhost:8080/"
        },
        "id": "1n6T_I_TNsSs",
        "outputId": "ef182b9d-8a53-4d26-aa8b-c1fd2f6724fb"
      },
      "source": [
        "print(type(8))\n",
        "print(type(8.0))\n",
        "print(type(\"manisha\"))\n",
        "\n",
        "x, y = 10, 5\n",
        "print(x, y)\n",
        "\n",
        "x, y = y, x\n",
        "print(x, y)"
      ],
      "execution_count": 2,
      "outputs": [
        {
          "output_type": "stream",
          "text": [
            "<class 'int'>\n",
            "<class 'float'>\n",
            "<class 'str'>\n",
            "10 5\n",
            "5 10\n"
          ],
          "name": "stdout"
        }
      ]
    },
    {
      "cell_type": "code",
      "metadata": {
        "colab": {
          "base_uri": "https://localhost:8080/"
        },
        "id": "w5CUpD57Nuyd",
        "outputId": "cb7c4035-1f0b-4881-8e92-3a3e669c07b3"
      },
      "source": [
        "print(type(8))\n",
        "print(type(8.0))\n",
        "\n",
        "x, y = 10, 5\n",
        "print(x, y)\n",
        "\n",
        "x, y = y, x\n",
        "print(x, y)\n",
        "b,a=30, 5\n",
        "mod = b % a\n",
        "print(mod)\n",
        "d,a=80,8\n",
        "# // returns integer division result\n",
        "intDiv = d / a\n",
        "# / returns float division result\n",
        "div = d / a\n",
        "print(div, intDiv)\n"
      ],
      "execution_count": 6,
      "outputs": [
        {
          "output_type": "stream",
          "text": [
            "<class 'int'>\n",
            "<class 'float'>\n",
            "10 5\n",
            "5 10\n",
            "0\n",
            "10.0 10.0\n"
          ],
          "name": "stdout"
        }
      ]
    },
    {
      "cell_type": "code",
      "metadata": {
        "colab": {
          "base_uri": "https://localhost:8080/"
        },
        "id": "pBCL-Tq2OZVw",
        "outputId": "ede51f21-354f-4526-f54c-d7d8361db5a5"
      },
      "source": [
        "num = 68\n",
        "print(num * 3)\n",
        "print(num)\n",
        "\n",
        "num *= 3\n",
        "print(num)\n",
        "\n",
        "#Naming Convension\n",
        "#snake_case\n",
        "snake_case = 20\n",
        "\n",
        "#for constants\n",
        "CAPITAL_SNAKE_CASE, PI = 100, 3.14159603\n",
        "#for class\n",
        "class UpperCamelCase:\n",
        "    pass\n",
        "\n",
        "#dunders ('d'ouble 'unders'cores) means something u shouldn't touch"
      ],
      "execution_count": 8,
      "outputs": [
        {
          "output_type": "stream",
          "text": [
            "204\n",
            "68\n",
            "204\n"
          ],
          "name": "stdout"
        }
      ]
    },
    {
      "cell_type": "code",
      "metadata": {
        "colab": {
          "base_uri": "https://localhost:8080/"
        },
        "id": "Nlfe8dmYPklj",
        "outputId": "0b5b3e80-8b87-4158-ded1-4d5251a08fce"
      },
      "source": [
        "#bool\n",
        "is_active = True\n",
        "inactive = not is_active\n",
        "print(is_active)\n",
        "print(not is_active)\n",
        "print(inactive)\n",
        "print(not inactive)\n",
        "\n",
        "#str\n",
        "some_string = \"I am Manisha Nayak\"\n",
        "print(some_string)\n",
        "\n",
        "#list\n",
        "my_number = [13,18,49,20]\n",
        "print(my_number)\n",
        "print(my_number[2])\n",
        "\n",
        "#dict\n",
        "my_name = {'first_name': \"Manisha\", 'last_name': \"Nayak\"}\n",
        "print(my_name)\n",
        "print(my_name['first_name'])\n",
        "print(my_name['last_name'])\n"
      ],
      "execution_count": 14,
      "outputs": [
        {
          "output_type": "stream",
          "text": [
            "True\n",
            "False\n",
            "False\n",
            "True\n",
            "I am Manisha Nayak\n",
            "[13, 18, 49, 20]\n",
            "49\n",
            "{'first_name': 'Manisha', 'last_name': 'Nayak'}\n",
            "Manisha\n",
            "Nayak\n"
          ],
          "name": "stdout"
        }
      ]
    },
    {
      "cell_type": "code",
      "metadata": {
        "colab": {
          "base_uri": "https://localhost:8080/"
        },
        "id": "Kl1EdgNZRX7J",
        "outputId": "5457a7ce-a0c4-4546-8029-77399f3efb51"
      },
      "source": [
        "game_over = True\n",
        "print(game_over)\n",
        "\n",
        "game_over = \"Yes, it's over!\"\n",
        "print(game_over)\n",
        "\n",
        "game_over = 22/7\n",
        "print(game_over)\n",
        "\n",
        "#None is nothing\n",
        "game_over = None\n",
        "print(game_over)\n",
        "print(type(game_over))\n"
      ],
      "execution_count": 25,
      "outputs": [
        {
          "output_type": "stream",
          "text": [
            "True\n",
            "Yes, it's over!\n",
            "3.142857142857143\n",
            "None\n",
            "<class 'NoneType'>\n"
          ],
          "name": "stdout"
        }
      ]
    },
    {
      "cell_type": "code",
      "metadata": {
        "colab": {
          "base_uri": "https://localhost:8080/"
        },
        "id": "lhafjtEmTx-e",
        "outputId": "5565a460-ba60-4015-da17-72f80e91e3c7"
      },
      "source": [
        "first_name = 'Manisha'\n",
        "last_name = \"Nayak\"\n",
        "print(first_name)\n",
        "print(last_name)\n",
        "\n",
        "string1 = 'she said, \"well come!\"'\n",
        "print(string1)\n",
        "qoute = \"he said, 'hello there'\"\n",
        "print(qoute)\n",
        "\n",
        "qoute = \"he said, \\\"hello there!\\\"\"\n",
        "print(qoute)\n",
        "\n",
        "#string concatenation\n",
        "username = \"manisha\"\n",
        "msg = \"Hello \" + username\n",
        "print(msg)\n",
        "\n",
        "#Formatting String\n",
        "name = \"Humayun\"\n",
        "msg = f\"Hello Mr. {name} Welcome!\"\n",
        "msg2 = \"Hello Mr. {} Welcome!\".format(name)\n",
        "print(msg)\n",
        "print(msg2)\n"
      ],
      "execution_count": 36,
      "outputs": [
        {
          "output_type": "stream",
          "text": [
            "Manisha\n",
            "Nayak\n",
            "she said, \"well come!\"\n",
            "he said, 'hello there'\n",
            "he said, \"hello there!\"\n",
            "Hello manisha\n",
            "Hello Mr. Humayun Welcome!\n",
            "Hello Mr. Humayun Welcome!\n"
          ],
          "name": "stdout"
        }
      ]
    },
    {
      "cell_type": "code",
      "metadata": {
        "colab": {
          "base_uri": "https://localhost:8080/"
        },
        "id": "4QABGA9FYkC_",
        "outputId": "1a2be8d2-6650-4cff-a675-651be54c565a"
      },
      "source": [
        "intx = 10\n",
        "print(type(intx))\n",
        "\n",
        "floatx = float(intx)\n",
        "print(floatx)\n",
        "\n",
        "floaty=79.9\n",
        "print(type(floaty))\n",
        "\n",
        "inty=int(floaty)\n",
        "print(inty)"
      ],
      "execution_count": 40,
      "outputs": [
        {
          "output_type": "stream",
          "text": [
            "<class 'int'>\n",
            "10.0\n",
            "<class 'float'>\n",
            "79\n"
          ],
          "name": "stdout"
        }
      ]
    },
    {
      "cell_type": "code",
      "metadata": {
        "colab": {
          "base_uri": "https://localhost:8080/",
          "height": 544
        },
        "id": "lXmqu2U3bGYj",
        "outputId": "803d809a-7295-40e4-91d4-ddd5cdd7ce1e"
      },
      "source": [
        "print(\"How many KM did you cycle today?\")\n",
        "# by default input return string input\n",
        "kms = float(input())\n",
        "miles = kms/1.61\n",
        "# precisions\n",
        "miles = round(miles, 3)\n",
        "print(f\"Your {kms} KM is {miles} Miles\")\n"
      ],
      "execution_count": 42,
      "outputs": [
        {
          "output_type": "stream",
          "text": [
            "How many KM did you cycle today?\n"
          ],
          "name": "stdout"
        },
        {
          "output_type": "error",
          "ename": "KeyboardInterrupt",
          "evalue": "ignored",
          "traceback": [
            "\u001b[0;31m---------------------------------------------------------------------------\u001b[0m",
            "\u001b[0;31mKeyboardInterrupt\u001b[0m                         Traceback (most recent call last)",
            "\u001b[0;32m/usr/local/lib/python3.7/dist-packages/ipykernel/kernelbase.py\u001b[0m in \u001b[0;36m_input_request\u001b[0;34m(self, prompt, ident, parent, password)\u001b[0m\n\u001b[1;32m    728\u001b[0m             \u001b[0;32mtry\u001b[0m\u001b[0;34m:\u001b[0m\u001b[0;34m\u001b[0m\u001b[0;34m\u001b[0m\u001b[0m\n\u001b[0;32m--> 729\u001b[0;31m                 \u001b[0mident\u001b[0m\u001b[0;34m,\u001b[0m \u001b[0mreply\u001b[0m \u001b[0;34m=\u001b[0m \u001b[0mself\u001b[0m\u001b[0;34m.\u001b[0m\u001b[0msession\u001b[0m\u001b[0;34m.\u001b[0m\u001b[0mrecv\u001b[0m\u001b[0;34m(\u001b[0m\u001b[0mself\u001b[0m\u001b[0;34m.\u001b[0m\u001b[0mstdin_socket\u001b[0m\u001b[0;34m,\u001b[0m \u001b[0;36m0\u001b[0m\u001b[0;34m)\u001b[0m\u001b[0;34m\u001b[0m\u001b[0;34m\u001b[0m\u001b[0m\n\u001b[0m\u001b[1;32m    730\u001b[0m             \u001b[0;32mexcept\u001b[0m \u001b[0mException\u001b[0m\u001b[0;34m:\u001b[0m\u001b[0;34m\u001b[0m\u001b[0;34m\u001b[0m\u001b[0m\n",
            "\u001b[0;32m/usr/local/lib/python3.7/dist-packages/jupyter_client/session.py\u001b[0m in \u001b[0;36mrecv\u001b[0;34m(self, socket, mode, content, copy)\u001b[0m\n\u001b[1;32m    802\u001b[0m         \u001b[0;32mtry\u001b[0m\u001b[0;34m:\u001b[0m\u001b[0;34m\u001b[0m\u001b[0;34m\u001b[0m\u001b[0m\n\u001b[0;32m--> 803\u001b[0;31m             \u001b[0mmsg_list\u001b[0m \u001b[0;34m=\u001b[0m \u001b[0msocket\u001b[0m\u001b[0;34m.\u001b[0m\u001b[0mrecv_multipart\u001b[0m\u001b[0;34m(\u001b[0m\u001b[0mmode\u001b[0m\u001b[0;34m,\u001b[0m \u001b[0mcopy\u001b[0m\u001b[0;34m=\u001b[0m\u001b[0mcopy\u001b[0m\u001b[0;34m)\u001b[0m\u001b[0;34m\u001b[0m\u001b[0;34m\u001b[0m\u001b[0m\n\u001b[0m\u001b[1;32m    804\u001b[0m         \u001b[0;32mexcept\u001b[0m \u001b[0mzmq\u001b[0m\u001b[0;34m.\u001b[0m\u001b[0mZMQError\u001b[0m \u001b[0;32mas\u001b[0m \u001b[0me\u001b[0m\u001b[0;34m:\u001b[0m\u001b[0;34m\u001b[0m\u001b[0;34m\u001b[0m\u001b[0m\n",
            "\u001b[0;32m/usr/local/lib/python3.7/dist-packages/zmq/sugar/socket.py\u001b[0m in \u001b[0;36mrecv_multipart\u001b[0;34m(self, flags, copy, track)\u001b[0m\n\u001b[1;32m    582\u001b[0m         \"\"\"\n\u001b[0;32m--> 583\u001b[0;31m         \u001b[0mparts\u001b[0m \u001b[0;34m=\u001b[0m \u001b[0;34m[\u001b[0m\u001b[0mself\u001b[0m\u001b[0;34m.\u001b[0m\u001b[0mrecv\u001b[0m\u001b[0;34m(\u001b[0m\u001b[0mflags\u001b[0m\u001b[0;34m,\u001b[0m \u001b[0mcopy\u001b[0m\u001b[0;34m=\u001b[0m\u001b[0mcopy\u001b[0m\u001b[0;34m,\u001b[0m \u001b[0mtrack\u001b[0m\u001b[0;34m=\u001b[0m\u001b[0mtrack\u001b[0m\u001b[0;34m)\u001b[0m\u001b[0;34m]\u001b[0m\u001b[0;34m\u001b[0m\u001b[0;34m\u001b[0m\u001b[0m\n\u001b[0m\u001b[1;32m    584\u001b[0m         \u001b[0;31m# have first part already, only loop while more to receive\u001b[0m\u001b[0;34m\u001b[0m\u001b[0;34m\u001b[0m\u001b[0;34m\u001b[0m\u001b[0m\n",
            "\u001b[0;32mzmq/backend/cython/socket.pyx\u001b[0m in \u001b[0;36mzmq.backend.cython.socket.Socket.recv\u001b[0;34m()\u001b[0m\n",
            "\u001b[0;32mzmq/backend/cython/socket.pyx\u001b[0m in \u001b[0;36mzmq.backend.cython.socket.Socket.recv\u001b[0;34m()\u001b[0m\n",
            "\u001b[0;32mzmq/backend/cython/socket.pyx\u001b[0m in \u001b[0;36mzmq.backend.cython.socket._recv_copy\u001b[0;34m()\u001b[0m\n",
            "\u001b[0;32m/usr/local/lib/python3.7/dist-packages/zmq/backend/cython/checkrc.pxd\u001b[0m in \u001b[0;36mzmq.backend.cython.checkrc._check_rc\u001b[0;34m()\u001b[0m\n",
            "\u001b[0;31mKeyboardInterrupt\u001b[0m: ",
            "\nDuring handling of the above exception, another exception occurred:\n",
            "\u001b[0;31mKeyboardInterrupt\u001b[0m                         Traceback (most recent call last)",
            "\u001b[0;32m<ipython-input-42-5b3bdc4a928e>\u001b[0m in \u001b[0;36m<module>\u001b[0;34m()\u001b[0m\n\u001b[1;32m      1\u001b[0m \u001b[0mprint\u001b[0m\u001b[0;34m(\u001b[0m\u001b[0;34m\"How many KM did you cycle today?\"\u001b[0m\u001b[0;34m)\u001b[0m\u001b[0;34m\u001b[0m\u001b[0;34m\u001b[0m\u001b[0m\n\u001b[1;32m      2\u001b[0m \u001b[0;31m# by default input return string input\u001b[0m\u001b[0;34m\u001b[0m\u001b[0;34m\u001b[0m\u001b[0;34m\u001b[0m\u001b[0m\n\u001b[0;32m----> 3\u001b[0;31m \u001b[0mkms\u001b[0m \u001b[0;34m=\u001b[0m \u001b[0mfloat\u001b[0m\u001b[0;34m(\u001b[0m\u001b[0minput\u001b[0m\u001b[0;34m(\u001b[0m\u001b[0;34m)\u001b[0m\u001b[0;34m)\u001b[0m\u001b[0;34m\u001b[0m\u001b[0;34m\u001b[0m\u001b[0m\n\u001b[0m\u001b[1;32m      4\u001b[0m \u001b[0mmiles\u001b[0m \u001b[0;34m=\u001b[0m \u001b[0mkms\u001b[0m\u001b[0;34m/\u001b[0m\u001b[0;36m1.61\u001b[0m\u001b[0;34m\u001b[0m\u001b[0;34m\u001b[0m\u001b[0m\n\u001b[1;32m      5\u001b[0m \u001b[0;31m# precisions\u001b[0m\u001b[0;34m\u001b[0m\u001b[0;34m\u001b[0m\u001b[0;34m\u001b[0m\u001b[0m\n",
            "\u001b[0;32m/usr/local/lib/python3.7/dist-packages/ipykernel/kernelbase.py\u001b[0m in \u001b[0;36mraw_input\u001b[0;34m(self, prompt)\u001b[0m\n\u001b[1;32m    702\u001b[0m             \u001b[0mself\u001b[0m\u001b[0;34m.\u001b[0m\u001b[0m_parent_ident\u001b[0m\u001b[0;34m,\u001b[0m\u001b[0;34m\u001b[0m\u001b[0;34m\u001b[0m\u001b[0m\n\u001b[1;32m    703\u001b[0m             \u001b[0mself\u001b[0m\u001b[0;34m.\u001b[0m\u001b[0m_parent_header\u001b[0m\u001b[0;34m,\u001b[0m\u001b[0;34m\u001b[0m\u001b[0;34m\u001b[0m\u001b[0m\n\u001b[0;32m--> 704\u001b[0;31m             \u001b[0mpassword\u001b[0m\u001b[0;34m=\u001b[0m\u001b[0;32mFalse\u001b[0m\u001b[0;34m,\u001b[0m\u001b[0;34m\u001b[0m\u001b[0;34m\u001b[0m\u001b[0m\n\u001b[0m\u001b[1;32m    705\u001b[0m         )\n\u001b[1;32m    706\u001b[0m \u001b[0;34m\u001b[0m\u001b[0m\n",
            "\u001b[0;32m/usr/local/lib/python3.7/dist-packages/ipykernel/kernelbase.py\u001b[0m in \u001b[0;36m_input_request\u001b[0;34m(self, prompt, ident, parent, password)\u001b[0m\n\u001b[1;32m    732\u001b[0m             \u001b[0;32mexcept\u001b[0m \u001b[0mKeyboardInterrupt\u001b[0m\u001b[0;34m:\u001b[0m\u001b[0;34m\u001b[0m\u001b[0;34m\u001b[0m\u001b[0m\n\u001b[1;32m    733\u001b[0m                 \u001b[0;31m# re-raise KeyboardInterrupt, to truncate traceback\u001b[0m\u001b[0;34m\u001b[0m\u001b[0;34m\u001b[0m\u001b[0;34m\u001b[0m\u001b[0m\n\u001b[0;32m--> 734\u001b[0;31m                 \u001b[0;32mraise\u001b[0m \u001b[0mKeyboardInterrupt\u001b[0m\u001b[0;34m\u001b[0m\u001b[0;34m\u001b[0m\u001b[0m\n\u001b[0m\u001b[1;32m    735\u001b[0m             \u001b[0;32melse\u001b[0m\u001b[0;34m:\u001b[0m\u001b[0;34m\u001b[0m\u001b[0;34m\u001b[0m\u001b[0m\n\u001b[1;32m    736\u001b[0m                 \u001b[0;32mbreak\u001b[0m\u001b[0;34m\u001b[0m\u001b[0;34m\u001b[0m\u001b[0m\n",
            "\u001b[0;31mKeyboardInterrupt\u001b[0m: "
          ]
        }
      ]
    },
    {
      "cell_type": "code",
      "metadata": {
        "colab": {
          "base_uri": "https://localhost:8080/",
          "height": 527
        },
        "id": "e6kB67xjcB2w",
        "outputId": "cfc2250d-dd70-4f17-bcac-061e96f564a4"
      },
      "source": [
        "\n",
        "print(\"What's your favorite animal?\")\n",
        "animal = input()\n",
        "print(\"Your color is: \" + animal)\n",
        "\n"
      ],
      "execution_count": 44,
      "outputs": [
        {
          "output_type": "error",
          "ename": "KeyboardInterrupt",
          "evalue": "ignored",
          "traceback": [
            "\u001b[0;31m---------------------------------------------------------------------------\u001b[0m",
            "\u001b[0;31mKeyboardInterrupt\u001b[0m                         Traceback (most recent call last)",
            "\u001b[0;32m/usr/local/lib/python3.7/dist-packages/ipykernel/kernelbase.py\u001b[0m in \u001b[0;36m_input_request\u001b[0;34m(self, prompt, ident, parent, password)\u001b[0m\n\u001b[1;32m    728\u001b[0m             \u001b[0;32mtry\u001b[0m\u001b[0;34m:\u001b[0m\u001b[0;34m\u001b[0m\u001b[0;34m\u001b[0m\u001b[0m\n\u001b[0;32m--> 729\u001b[0;31m                 \u001b[0mident\u001b[0m\u001b[0;34m,\u001b[0m \u001b[0mreply\u001b[0m \u001b[0;34m=\u001b[0m \u001b[0mself\u001b[0m\u001b[0;34m.\u001b[0m\u001b[0msession\u001b[0m\u001b[0;34m.\u001b[0m\u001b[0mrecv\u001b[0m\u001b[0;34m(\u001b[0m\u001b[0mself\u001b[0m\u001b[0;34m.\u001b[0m\u001b[0mstdin_socket\u001b[0m\u001b[0;34m,\u001b[0m \u001b[0;36m0\u001b[0m\u001b[0;34m)\u001b[0m\u001b[0;34m\u001b[0m\u001b[0;34m\u001b[0m\u001b[0m\n\u001b[0m\u001b[1;32m    730\u001b[0m             \u001b[0;32mexcept\u001b[0m \u001b[0mException\u001b[0m\u001b[0;34m:\u001b[0m\u001b[0;34m\u001b[0m\u001b[0;34m\u001b[0m\u001b[0m\n",
            "\u001b[0;32m/usr/local/lib/python3.7/dist-packages/jupyter_client/session.py\u001b[0m in \u001b[0;36mrecv\u001b[0;34m(self, socket, mode, content, copy)\u001b[0m\n\u001b[1;32m    802\u001b[0m         \u001b[0;32mtry\u001b[0m\u001b[0;34m:\u001b[0m\u001b[0;34m\u001b[0m\u001b[0;34m\u001b[0m\u001b[0m\n\u001b[0;32m--> 803\u001b[0;31m             \u001b[0mmsg_list\u001b[0m \u001b[0;34m=\u001b[0m \u001b[0msocket\u001b[0m\u001b[0;34m.\u001b[0m\u001b[0mrecv_multipart\u001b[0m\u001b[0;34m(\u001b[0m\u001b[0mmode\u001b[0m\u001b[0;34m,\u001b[0m \u001b[0mcopy\u001b[0m\u001b[0;34m=\u001b[0m\u001b[0mcopy\u001b[0m\u001b[0;34m)\u001b[0m\u001b[0;34m\u001b[0m\u001b[0;34m\u001b[0m\u001b[0m\n\u001b[0m\u001b[1;32m    804\u001b[0m         \u001b[0;32mexcept\u001b[0m \u001b[0mzmq\u001b[0m\u001b[0;34m.\u001b[0m\u001b[0mZMQError\u001b[0m \u001b[0;32mas\u001b[0m \u001b[0me\u001b[0m\u001b[0;34m:\u001b[0m\u001b[0;34m\u001b[0m\u001b[0;34m\u001b[0m\u001b[0m\n",
            "\u001b[0;32m/usr/local/lib/python3.7/dist-packages/zmq/sugar/socket.py\u001b[0m in \u001b[0;36mrecv_multipart\u001b[0;34m(self, flags, copy, track)\u001b[0m\n\u001b[1;32m    582\u001b[0m         \"\"\"\n\u001b[0;32m--> 583\u001b[0;31m         \u001b[0mparts\u001b[0m \u001b[0;34m=\u001b[0m \u001b[0;34m[\u001b[0m\u001b[0mself\u001b[0m\u001b[0;34m.\u001b[0m\u001b[0mrecv\u001b[0m\u001b[0;34m(\u001b[0m\u001b[0mflags\u001b[0m\u001b[0;34m,\u001b[0m \u001b[0mcopy\u001b[0m\u001b[0;34m=\u001b[0m\u001b[0mcopy\u001b[0m\u001b[0;34m,\u001b[0m \u001b[0mtrack\u001b[0m\u001b[0;34m=\u001b[0m\u001b[0mtrack\u001b[0m\u001b[0;34m)\u001b[0m\u001b[0;34m]\u001b[0m\u001b[0;34m\u001b[0m\u001b[0;34m\u001b[0m\u001b[0m\n\u001b[0m\u001b[1;32m    584\u001b[0m         \u001b[0;31m# have first part already, only loop while more to receive\u001b[0m\u001b[0;34m\u001b[0m\u001b[0;34m\u001b[0m\u001b[0;34m\u001b[0m\u001b[0m\n",
            "\u001b[0;32mzmq/backend/cython/socket.pyx\u001b[0m in \u001b[0;36mzmq.backend.cython.socket.Socket.recv\u001b[0;34m()\u001b[0m\n",
            "\u001b[0;32mzmq/backend/cython/socket.pyx\u001b[0m in \u001b[0;36mzmq.backend.cython.socket.Socket.recv\u001b[0;34m()\u001b[0m\n",
            "\u001b[0;32mzmq/backend/cython/socket.pyx\u001b[0m in \u001b[0;36mzmq.backend.cython.socket._recv_copy\u001b[0;34m()\u001b[0m\n",
            "\u001b[0;32m/usr/local/lib/python3.7/dist-packages/zmq/backend/cython/checkrc.pxd\u001b[0m in \u001b[0;36mzmq.backend.cython.checkrc._check_rc\u001b[0;34m()\u001b[0m\n",
            "\u001b[0;31mKeyboardInterrupt\u001b[0m: ",
            "\nDuring handling of the above exception, another exception occurred:\n",
            "\u001b[0;31mKeyboardInterrupt\u001b[0m                         Traceback (most recent call last)",
            "\u001b[0;32m<ipython-input-44-92bd8b2945aa>\u001b[0m in \u001b[0;36m<module>\u001b[0;34m()\u001b[0m\n\u001b[1;32m      1\u001b[0m \u001b[0mprint\u001b[0m\u001b[0;34m(\u001b[0m\u001b[0;34m\"What's your favorite color?\"\u001b[0m\u001b[0;34m)\u001b[0m\u001b[0;34m\u001b[0m\u001b[0;34m\u001b[0m\u001b[0m\n\u001b[0;32m----> 2\u001b[0;31m \u001b[0mcolor\u001b[0m \u001b[0;34m=\u001b[0m \u001b[0minput\u001b[0m\u001b[0;34m(\u001b[0m\u001b[0;34m)\u001b[0m\u001b[0;34m\u001b[0m\u001b[0;34m\u001b[0m\u001b[0m\n\u001b[0m\u001b[1;32m      3\u001b[0m \u001b[0mprint\u001b[0m\u001b[0;34m(\u001b[0m\u001b[0;34m\"Your color is: \"\u001b[0m \u001b[0;34m+\u001b[0m \u001b[0mcolor\u001b[0m\u001b[0;34m)\u001b[0m\u001b[0;34m\u001b[0m\u001b[0;34m\u001b[0m\u001b[0m\n",
            "\u001b[0;32m/usr/local/lib/python3.7/dist-packages/ipykernel/kernelbase.py\u001b[0m in \u001b[0;36mraw_input\u001b[0;34m(self, prompt)\u001b[0m\n\u001b[1;32m    702\u001b[0m             \u001b[0mself\u001b[0m\u001b[0;34m.\u001b[0m\u001b[0m_parent_ident\u001b[0m\u001b[0;34m,\u001b[0m\u001b[0;34m\u001b[0m\u001b[0;34m\u001b[0m\u001b[0m\n\u001b[1;32m    703\u001b[0m             \u001b[0mself\u001b[0m\u001b[0;34m.\u001b[0m\u001b[0m_parent_header\u001b[0m\u001b[0;34m,\u001b[0m\u001b[0;34m\u001b[0m\u001b[0;34m\u001b[0m\u001b[0m\n\u001b[0;32m--> 704\u001b[0;31m             \u001b[0mpassword\u001b[0m\u001b[0;34m=\u001b[0m\u001b[0;32mFalse\u001b[0m\u001b[0;34m,\u001b[0m\u001b[0;34m\u001b[0m\u001b[0;34m\u001b[0m\u001b[0m\n\u001b[0m\u001b[1;32m    705\u001b[0m         )\n\u001b[1;32m    706\u001b[0m \u001b[0;34m\u001b[0m\u001b[0m\n",
            "\u001b[0;32m/usr/local/lib/python3.7/dist-packages/ipykernel/kernelbase.py\u001b[0m in \u001b[0;36m_input_request\u001b[0;34m(self, prompt, ident, parent, password)\u001b[0m\n\u001b[1;32m    732\u001b[0m             \u001b[0;32mexcept\u001b[0m \u001b[0mKeyboardInterrupt\u001b[0m\u001b[0;34m:\u001b[0m\u001b[0;34m\u001b[0m\u001b[0;34m\u001b[0m\u001b[0m\n\u001b[1;32m    733\u001b[0m                 \u001b[0;31m# re-raise KeyboardInterrupt, to truncate traceback\u001b[0m\u001b[0;34m\u001b[0m\u001b[0;34m\u001b[0m\u001b[0;34m\u001b[0m\u001b[0m\n\u001b[0;32m--> 734\u001b[0;31m                 \u001b[0;32mraise\u001b[0m \u001b[0mKeyboardInterrupt\u001b[0m\u001b[0;34m\u001b[0m\u001b[0;34m\u001b[0m\u001b[0m\n\u001b[0m\u001b[1;32m    735\u001b[0m             \u001b[0;32melse\u001b[0m\u001b[0;34m:\u001b[0m\u001b[0;34m\u001b[0m\u001b[0;34m\u001b[0m\u001b[0m\n\u001b[1;32m    736\u001b[0m                 \u001b[0;32mbreak\u001b[0m\u001b[0;34m\u001b[0m\u001b[0;34m\u001b[0m\u001b[0m\n",
            "\u001b[0;31mKeyboardInterrupt\u001b[0m: "
          ]
        }
      ]
    },
    {
      "cell_type": "code",
      "metadata": {
        "colab": {
          "base_uri": "https://localhost:8080/"
        },
        "id": "YaFF1U5rfm4d",
        "outputId": "eb1a8ece-891e-4123-d592-c6dd02332d1c"
      },
      "source": [
        "name = \"Manisha\"\n",
        "\n",
        "if name is \"Manisha\":\n",
        "    print(\"Manisha\")\n",
        "elif name is \"Guddi\":\n",
        "    print(\"Guddi\")\n",
        "else:\n",
        "    print(\"Wrong Name\")\n",
        "\n",
        "name = \"kabir\"\n",
        "if name == \"humayun\":\n",
        "    print(\"First Name\")\n",
        "elif name == \"kabir\":\n",
        "    print(\"Last Name\")\n",
        "else:\n",
        "    print(\"Wrong Name\")\n",
        "\n",
        "\n"
      ],
      "execution_count": 46,
      "outputs": [
        {
          "output_type": "stream",
          "text": [
            "Manisha\n",
            "Last Name\n"
          ],
          "name": "stdout"
        }
      ]
    },
    {
      "cell_type": "code",
      "metadata": {
        "colab": {
          "base_uri": "https://localhost:8080/"
        },
        "id": "cW1q74vEh_MI",
        "outputId": "2447719e-8a8b-420e-cc11-3a8c76cb89fd"
      },
      "source": [
        "print(\"Give a rating on my work(out of 5)!\")\n",
        "rate = int(input())\n",
        "\n",
        "if rate is 5:\n",
        "    print(\"Excellent\")\n",
        "elif rate is 4:\n",
        "    print(\"Very Good\")\n",
        "elif rate is 3:\n",
        "    print(\"Good\")\n",
        "elif rate is 2:\n",
        "    print(\"Not Good\")\n",
        "elif rate is 1:\n",
        "    print(\"Bad\")\n",
        "else:\n",
        "    print(\"Rating should be in 1 to 5\")\n"
      ],
      "execution_count": 47,
      "outputs": [
        {
          "output_type": "stream",
          "text": [
            "Give a rating on my work(out of 5)!\n",
            "7\n",
            "Rating should be in 1 to 5\n"
          ],
          "name": "stdout"
        }
      ]
    },
    {
      "cell_type": "code",
      "metadata": {
        "colab": {
          "base_uri": "https://localhost:8080/"
        },
        "id": "39GHpXBdi-6K",
        "outputId": "3d5f8ba6-cc98-4435-ff8b-a9e7eb01887e"
      },
      "source": [
        "age, sex = 20, \"Female\"\n",
        "\n",
        "if age < 18 and sex is \"Female\":\n",
        "    print(\"Go and Get Marry\")\n",
        "else:\n",
        "    print(\"You don't have marry\")\n"
      ],
      "execution_count": 49,
      "outputs": [
        {
          "output_type": "stream",
          "text": [
            "You don't have marry\n"
          ],
          "name": "stdout"
        }
      ]
    },
    {
      "cell_type": "code",
      "metadata": {
        "colab": {
          "base_uri": "https://localhost:8080/"
        },
        "id": "FWP2mdh1jrcG",
        "outputId": "78bc6b04-7fa9-4ed8-f4c6-a9c95ac8055d"
      },
      "source": [
        "import random\n",
        "\n",
        "print(\"Rock...\")\n",
        "print(\"Paper...\")\n",
        "print(\"Scissor...\")\n",
        "\n",
        "options = [\"rock\", \"papers\", \"scissors\"]\n",
        "print(\"Enter Your Move:\")\n",
        "me = input()\n",
        "\n",
        "rand = random.randint(0, 2)\n",
        "pc = options[rand]\n",
        "\n",
        "player_one = me\n",
        "player_two = pc\n",
        "\n",
        "print(f\"You Choose: {me}, PC choose {pc}\")\n",
        "\n",
        "if player_one == player_two:\n",
        "    print(\"Draw\")\n",
        "elif player_one == \"rock\":\n",
        "    if player_two == \"scissors\":\n",
        "        print(\"You WON!\")\n",
        "    elif player_two == \"papers\":\n",
        "        print(\"PC WON!\")\n",
        "elif player_one == \"papers\":\n",
        "    if player_two == \"rock\":\n",
        "        print(\"You WON!\")\n",
        "    elif player_two == \"scissors\":\n",
        "        print(\"PC WON!\")\n",
        "elif player_one == \"scissors\":\n",
        "    if player_two == \"rock\":\n",
        "        print(\"PC WON!\")\n",
        "    elif player_two == \"papers\":\n",
        "        print(\"You WON\")\n",
        "else:\n",
        "    print(\"Something Wrong!\")"
      ],
      "execution_count": 50,
      "outputs": [
        {
          "output_type": "stream",
          "text": [
            "Rock...\n",
            "Paper...\n",
            "Scissor...\n",
            "Enter Your Move:\n",
            "rock\n",
            "You Choose: rock, PC choose scissors\n",
            "You WON!\n"
          ],
          "name": "stdout"
        }
      ]
    },
    {
      "cell_type": "code",
      "metadata": {
        "colab": {
          "base_uri": "https://localhost:8080/"
        },
        "id": "gHHDcD2Akd7r",
        "outputId": "7fbda132-72e3-4356-b14c-e189f5deb7e8"
      },
      "source": [
        "print(\"Rock...\")\n",
        "print(\"Paper...\")\n",
        "print(\"Scissor...\")\n",
        "\n",
        "player_one = input(\"Player 1, Make your move:\")\n",
        "player_two = input(\"Player 2, Make your move:\")\n",
        "\n",
        "if player_one == player_two:\n",
        "    print(\"Draw\")\n",
        "elif player_one == \"rock\":\n",
        "    if player_two == \"scissors\":\n",
        "        print(\"Player 1 WON!\")\n",
        "    elif player_two == \"papers\":\n",
        "        print(\"Palyer 2 WON\")\n",
        "elif player_one == \"papers\":\n",
        "    if player_two == \"rock\":\n",
        "        print(\"Palyer 1 WON\")\n",
        "    elif player_two == \"scissors\":\n",
        "        print(\"Palyer 2 WON\")\n",
        "elif player_one == \"scissors\":\n",
        "    if player_two == \"rock\":\n",
        "        print(\"Palyer 2 WON\")\n",
        "    elif player_two == \"papers\":\n",
        "        print(\"Palyer 1 WON\")\n",
        "else:\n",
        "    print(\"Something Wrong!\")\n"
      ],
      "execution_count": 51,
      "outputs": [
        {
          "output_type": "stream",
          "text": [
            "Rock...\n",
            "Paper...\n",
            "Scissor...\n",
            "Player 1, Make your move:paper\n",
            "Player 2, Make your move:rock\n",
            "Something Wrong!\n"
          ],
          "name": "stdout"
        }
      ]
    },
    {
      "cell_type": "code",
      "metadata": {
        "colab": {
          "base_uri": "https://localhost:8080/"
        },
        "id": "YPc0U8IInC62",
        "outputId": "e129402d-a187-4bd5-9d0a-f3b131b2f494"
      },
      "source": [
        "name = \"manisha\"\n",
        "\n",
        "for char in name:\n",
        "    print(char)\n",
        "\n",
        "# range(a, b, c): >=a to < b, c is the weight of each step[optional]\n",
        "for number in range(-3, 5, 2):\n",
        "    print(number)\n",
        "\n",
        "prices = [10, 12, 15, 9, 11, 13]\n",
        "\n",
        "for price in prices:\n",
        "    print(price)\n",
        "\n",
        "for _ in range(4):\n",
        "    print(\"lol\")\n"
      ],
      "execution_count": 52,
      "outputs": [
        {
          "output_type": "stream",
          "text": [
            "m\n",
            "u\n",
            "s\n",
            "a\n",
            "-3\n",
            "-1\n",
            "1\n",
            "3\n",
            "10\n",
            "12\n",
            "15\n",
            "9\n",
            "11\n",
            "13\n",
            "lol\n",
            "lol\n",
            "lol\n",
            "lol\n"
          ],
          "name": "stdout"
        }
      ]
    },
    {
      "cell_type": "code",
      "metadata": {
        "id": "aBeC2GrspyQz"
      },
      "source": [
        ""
      ],
      "execution_count": null,
      "outputs": []
    }
  ]
}